<?xml version="1.0" encoding="UTF-8"?>
<!-- Generated by org.testng.reporters.JUnitReportReporter -->
<testsuite hostname="DESKTOP-1QSMOD4" failures="0" tests="1" name="Branch.Demo1Test" time="0.021" errors="0" timestamp="2023-08-31T09:43:39 IST" skipped="0">
  <testcase classname="Branch.Demo1Test" name="m1" time="0.021"/>
</testsuite> <!-- Branch.Demo1Test -->
