<?xml version="1.0" encoding="UTF-8"?>
<!-- Generated by org.testng.reporters.JUnitReportReporter -->
<testsuite hostname="DESKTOP-1QSMOD4" failures="0" tests="1" name="Branch.Demo2Test" time="0.022" errors="0" timestamp="2023-08-31T09:43:57 IST" skipped="0">
  <testcase classname="Branch.Demo2Test" name="m2" time="0.022"/>
</testsuite> <!-- Branch.Demo2Test -->
